2024-05-22 14:07:02,007 - INFO - Successful station fetched: Welsh Bridge (2077)
2024-05-22 14:07:02,009 - INFO - Successful stations: {'2077': 'Welsh Bridge'}
2024-05-22 14:07:02,628 - INFO - Successful station fetched: Diglis (2085)
2024-05-22 14:07:02,629 - INFO - Successful stations: {'2077': 'Welsh Bridge', '2085': 'Diglis'}
2024-05-22 14:07:03,414 - INFO - Successful station fetched: Hereford Bridge (055807)
2024-05-22 14:07:03,416 - INFO - Successful stations: {'2077': 'Welsh Bridge', '2085': 'Diglis', '055807': 'Hereford Bridge'}
2024-05-22 14:07:03,947 - INFO - Successful station fetched: Welsh Bridge (2077)
2024-05-22 14:07:03,948 - INFO - Successful stations: {'2077': 'Welsh Bridge', '2085': 'Diglis', '055807': 'Hereford Bridge'}
2024-05-22 14:07:04,544 - INFO - Successful station fetched: Diglis (2085)
2024-05-22 14:07:04,546 - INFO - Successful stations: {'2077': 'Welsh Bridge', '2085': 'Diglis', '055807': 'Hereford Bridge'}
2024-05-22 14:07:05,253 - INFO - Successful station fetched: Hereford Bridge (055807)
2024-05-22 14:07:05,254 - INFO - Successful stations: {'2077': 'Welsh Bridge', '2085': 'Diglis', '055807': 'Hereford Bridge'}
2024-07-01 15:50:21,806 - INFO - Successful station fetched: Welsh Bridge (2077)
2024-07-01 15:50:21,828 - INFO - Successful stations: {'2077': 'Welsh Bridge'}
2024-07-01 15:50:23,495 - INFO - Successful station fetched: Diglis (2085)
2024-07-01 15:50:23,496 - INFO - Successful stations: {'2077': 'Welsh Bridge', '2085': 'Diglis'}
2024-07-01 15:50:25,104 - INFO - Successful station fetched: Hereford Bridge (055807)
2024-07-01 15:50:25,106 - INFO - Successful stations: {'2077': 'Welsh Bridge', '2085': 'Diglis', '055807': 'Hereford Bridge'}
2024-07-01 15:50:26,395 - INFO - Successful station fetched: Tamworth (4069)
2024-07-01 15:50:26,397 - INFO - Successful stations: {'2077': 'Welsh Bridge', '2085': 'Diglis', '055807': 'Hereford Bridge', '4069': 'Tamworth'}
2024-07-01 15:50:27,265 - INFO - Successful station fetched: Welsh Bridge (2077)
2024-07-01 15:50:27,266 - INFO - Successful stations: {'2077': 'Welsh Bridge', '2085': 'Diglis', '055807': 'Hereford Bridge', '4069': 'Tamworth'}
2024-07-01 15:50:27,865 - INFO - Successful station fetched: Diglis (2085)
2024-07-01 15:50:27,867 - INFO - Successful stations: {'2077': 'Welsh Bridge', '2085': 'Diglis', '055807': 'Hereford Bridge', '4069': 'Tamworth'}
2024-07-01 15:50:28,454 - INFO - Successful station fetched: Hereford Bridge (055807)
2024-07-01 15:50:28,456 - INFO - Successful stations: {'2077': 'Welsh Bridge', '2085': 'Diglis', '055807': 'Hereford Bridge', '4069': 'Tamworth'}
2024-07-01 15:50:29,043 - INFO - Successful station fetched: Tamworth (4069)
2024-07-01 15:50:29,044 - INFO - Successful stations: {'2077': 'Welsh Bridge', '2085': 'Diglis', '055807': 'Hereford Bridge', '4069': 'Tamworth'}
2024-07-01 16:04:40,412 - INFO - Successful station fetched: Welsh Bridge (2077)
2024-07-01 16:04:40,413 - INFO - Successful stations: {'2077': 'Welsh Bridge'}
2024-07-01 16:04:42,213 - INFO - Successful station fetched: Diglis (2085)
2024-07-01 16:04:42,214 - INFO - Successful stations: {'2077': 'Welsh Bridge', '2085': 'Diglis'}
2024-07-01 16:04:43,894 - INFO - Successful station fetched: Hereford Bridge (055807)
2024-07-01 16:04:43,896 - INFO - Successful stations: {'2077': 'Welsh Bridge', '2085': 'Diglis', '055807': 'Hereford Bridge'}
2024-07-01 16:04:45,313 - INFO - Successful station fetched: Tamworth (4069)
2024-07-01 16:04:45,314 - INFO - Successful stations: {'2077': 'Welsh Bridge', '2085': 'Diglis', '055807': 'Hereford Bridge', '4069': 'Tamworth'}
2024-07-01 16:04:46,055 - INFO - Successful station fetched: Welsh Bridge (2077)
2024-07-01 16:04:46,057 - INFO - Successful stations: {'2077': 'Welsh Bridge', '2085': 'Diglis', '055807': 'Hereford Bridge', '4069': 'Tamworth'}
2024-07-01 16:04:46,696 - INFO - Successful station fetched: Diglis (2085)
2024-07-01 16:04:46,697 - INFO - Successful stations: {'2077': 'Welsh Bridge', '2085': 'Diglis', '055807': 'Hereford Bridge', '4069': 'Tamworth'}
2024-07-01 16:04:47,422 - INFO - Successful station fetched: Hereford Bridge (055807)
2024-07-01 16:04:47,423 - INFO - Successful stations: {'2077': 'Welsh Bridge', '2085': 'Diglis', '055807': 'Hereford Bridge', '4069': 'Tamworth'}
2024-07-01 16:04:48,031 - INFO - Successful station fetched: Tamworth (4069)
2024-07-01 16:04:48,032 - INFO - Successful stations: {'2077': 'Welsh Bridge', '2085': 'Diglis', '055807': 'Hereford Bridge', '4069': 'Tamworth'}
2024-07-02 09:39:47,399 - INFO - Successful station fetched: Welsh Bridge (2077)
2024-07-02 09:39:47,419 - INFO - Successful stations: {'2077': 'Welsh Bridge'}
2024-07-02 09:39:49,079 - INFO - Successful station fetched: Diglis (2085)
2024-07-02 09:39:49,080 - INFO - Successful stations: {'2077': 'Welsh Bridge', '2085': 'Diglis'}
2024-07-02 09:39:50,608 - INFO - Successful station fetched: Hereford Bridge (055807)
2024-07-02 09:39:50,609 - INFO - Successful stations: {'2077': 'Welsh Bridge', '2085': 'Diglis', '055807': 'Hereford Bridge'}
2024-07-02 09:39:51,929 - INFO - Successful station fetched: Tamworth (4069)
2024-07-02 09:39:51,930 - INFO - Successful stations: {'2077': 'Welsh Bridge', '2085': 'Diglis', '055807': 'Hereford Bridge', '4069': 'Tamworth'}
2024-07-02 09:39:53,269 - INFO - Successful station fetched: Gloucester (2165)
2024-07-02 09:39:53,271 - INFO - Successful stations: {'2077': 'Welsh Bridge', '2085': 'Diglis', '055807': 'Hereford Bridge', '4069': 'Tamworth', '2165': 'Gloucester'}
2024-07-02 09:39:54,410 - INFO - Successful station fetched: Welsh Bridge (2077)
2024-07-02 09:39:54,412 - INFO - Successful stations: {'2077': 'Welsh Bridge', '2085': 'Diglis', '055807': 'Hereford Bridge', '4069': 'Tamworth', '2165': 'Gloucester'}
2024-07-02 09:39:55,374 - INFO - Successful station fetched: Diglis (2085)
2024-07-02 09:39:55,376 - INFO - Successful stations: {'2077': 'Welsh Bridge', '2085': 'Diglis', '055807': 'Hereford Bridge', '4069': 'Tamworth', '2165': 'Gloucester'}
2024-07-02 09:39:56,089 - INFO - Successful station fetched: Hereford Bridge (055807)
2024-07-02 09:39:56,091 - INFO - Successful stations: {'2077': 'Welsh Bridge', '2085': 'Diglis', '055807': 'Hereford Bridge', '4069': 'Tamworth', '2165': 'Gloucester'}
2024-07-02 09:39:57,247 - INFO - Successful station fetched: Tamworth (4069)
2024-07-02 09:39:57,248 - INFO - Successful stations: {'2077': 'Welsh Bridge', '2085': 'Diglis', '055807': 'Hereford Bridge', '4069': 'Tamworth', '2165': 'Gloucester'}
2024-07-02 09:39:57,814 - INFO - Successful station fetched: Gloucester (2165)
2024-07-02 09:39:57,815 - INFO - Successful stations: {'2077': 'Welsh Bridge', '2085': 'Diglis', '055807': 'Hereford Bridge', '4069': 'Tamworth', '2165': 'Gloucester'}
